<?xml version="1.0" encoding="UTF-8"?>
<!-- Generated by org.testng.reporters.JUnitReportReporter -->
<testsuite hostname="K463LTRV" failures="0" tests="3" name="com.ust.FreshToHome.runner.TestRunner3" time="89.131" errors="0" timestamp="2024-05-07T07:44:49 IST" skipped="0">
  <testcase classname="com.ust.FreshToHome.runner.TestRunner3" name="runScenario" time="23.953"/>
  <testcase classname="com.ust.FreshToHome.runner.TestRunner3" name="runScenario" time="24.434"/>
  <testcase classname="com.ust.FreshToHome.runner.TestRunner3" name="runScenario" time="40.744"/>
</testsuite> <!-- com.ust.FreshToHome.runner.TestRunner3 -->
